{"/Users/oscar/Dev Projects/aura-backend/helpers/checkIsoDate.js": {"path":"/Users/oscar/Dev Projects/aura-backend/helpers/checkIsoDate.js","statementMap":{"0":{"start":{"line":6,"column":21},"end":{"line":11,"column":1}},"1":{"start":{"line":8,"column":4},"end":{"line":8,"column":88}},"2":{"start":{"line":8,"column":75},"end":{"line":8,"column":88}},"3":{"start":{"line":9,"column":24},"end":{"line":9,"column":47}},"4":{"start":{"line":10,"column":16},"end":{"line":10,"column":57}},"5":{"start":{"line":13,"column":0},"end":{"line":13,"column":30}}},"fnMap":{"0":{"name":"(anonymous_0)","decl":{"start":{"line":6,"column":21},"end":{"line":6,"column":22}},"loc":{"start":{"line":6,"column":40},"end":{"line":11,"column":1}},"line":6}},"branchMap":{"0":{"loc":{"start":{"line":8,"column":4},"end":{"line":8,"column":88}},"type":"if","locations":[{"start":{"line":8,"column":4},"end":{"line":8,"column":88}},{"start":{},"end":{}}],"line":8}},"s":{"0":1,"1":0,"2":0,"3":0,"4":0,"5":1},"f":{"0":0},"b":{"0":[0,0]},"_coverageSchema":"1a1c01bbd47fc00a2c39e90264f33305004495a9","hash":"8ff6a1e15f28512be4bb0de633742312848176ba"}
,"/Users/oscar/Dev Projects/aura-backend/loaders/dbLoader.js": {"path":"/Users/oscar/Dev Projects/aura-backend/loaders/dbLoader.js","statementMap":{"0":{"start":{"line":2,"column":15},"end":{"line":2,"column":34}},"1":{"start":{"line":5,"column":17},"end":{"line":5,"column":36}},"2":{"start":{"line":6,"column":15},"end":{"line":6,"column":32}},"3":{"start":{"line":7,"column":11},"end":{"line":7,"column":33}},"4":{"start":{"line":14,"column":2},"end":{"line":21,"column":3}},"5":{"start":{"line":15,"column":4},"end":{"line":15,"column":49}},"6":{"start":{"line":17,"column":4},"end":{"line":17,"column":35}},"7":{"start":{"line":19,"column":4},"end":{"line":19,"column":40}},"8":{"start":{"line":20,"column":4},"end":{"line":20,"column":14}},"9":{"start":{"line":24,"column":0},"end":{"line":42,"column":2}},"10":{"start":{"line":25,"column":16},"end":{"line":25,"column":32}},"11":{"start":{"line":27,"column":2},"end":{"line":41,"column":3}},"12":{"start":{"line":28,"column":4},"end":{"line":28,"column":67}},"13":{"start":{"line":30,"column":4},"end":{"line":33,"column":7}},"14":{"start":{"line":35,"column":4},"end":{"line":35,"column":65}},"15":{"start":{"line":38,"column":4},"end":{"line":38,"column":30}},"16":{"start":{"line":40,"column":4},"end":{"line":40,"column":20}},"17":{"start":{"line":44,"column":0},"end":{"line":52,"column":2}},"18":{"start":{"line":45,"column":2},"end":{"line":51,"column":3}},"19":{"start":{"line":46,"column":6},"end":{"line":46,"column":65}},"20":{"start":{"line":47,"column":6},"end":{"line":47,"column":34}},"21":{"start":{"line":48,"column":6},"end":{"line":48,"column":62}},"22":{"start":{"line":50,"column":4},"end":{"line":50,"column":14}}},"fnMap":{"0":{"name":"getDatabaseUri","decl":{"start":{"line":12,"column":9},"end":{"line":12,"column":23}},"loc":{"start":{"line":12,"column":26},"end":{"line":22,"column":1}},"line":12},"1":{"name":"(anonymous_1)","decl":{"start":{"line":24,"column":20},"end":{"line":24,"column":21}},"loc":{"start":{"line":24,"column":32},"end":{"line":42,"column":1}},"line":24},"2":{"name":"(anonymous_2)","decl":{"start":{"line":44,"column":23},"end":{"line":44,"column":24}},"loc":{"start":{"line":44,"column":35},"end":{"line":52,"column":1}},"line":44}},"branchMap":{"0":{"loc":{"start":{"line":14,"column":2},"end":{"line":21,"column":3}},"type":"if","locations":[{"start":{"line":14,"column":2},"end":{"line":21,"column":3}},{"start":{"line":18,"column":9},"end":{"line":21,"column":3}}],"line":14}},"s":{"0":1,"1":1,"2":1,"3":1,"4":1,"5":1,"6":1,"7":0,"8":0,"9":1,"10":1,"11":1,"12":1,"13":1,"14":1,"15":0,"16":0,"17":1,"18":1,"19":1,"20":1,"21":1,"22":0},"f":{"0":1,"1":1,"2":1},"b":{"0":[1,0]},"_coverageSchema":"1a1c01bbd47fc00a2c39e90264f33305004495a9","hash":"22a388c496dce4268b258790a316c77a69d33287"}
,"/Users/oscar/Dev Projects/aura-backend/loaders/evervault.js": {"path":"/Users/oscar/Dev Projects/aura-backend/loaders/evervault.js","statementMap":{"0":{"start":{"line":2,"column":18},"end":{"line":2,"column":43}},"1":{"start":{"line":3,"column":15},"end":{"line":3,"column":32}},"2":{"start":{"line":5,"column":18},"end":{"line":5,"column":94}},"3":{"start":{"line":8,"column":0},"end":{"line":8,"column":27}}},"fnMap":{},"branchMap":{},"s":{"0":1,"1":1,"2":1,"3":1},"f":{},"b":{},"_coverageSchema":"1a1c01bbd47fc00a2c39e90264f33305004495a9","hash":"578f2d19ca33ab233b45670fdf92b679dfd99f71"}
,"/Users/oscar/Dev Projects/aura-backend/loaders/logger.js": {"path":"/Users/oscar/Dev Projects/aura-backend/loaders/logger.js","statementMap":{"0":{"start":{"line":2,"column":16},"end":{"line":2,"column":34}},"1":{"start":{"line":3,"column":15},"end":{"line":3,"column":32}},"2":{"start":{"line":4,"column":15},"end":{"line":4,"column":63}},"3":{"start":{"line":5,"column":27},"end":{"line":5,"column":67}},"4":{"start":{"line":11,"column":22},"end":{"line":34,"column":1}},"5":{"start":{"line":22,"column":53},"end":{"line":22,"column":57}},"6":{"start":{"line":25,"column":4},"end":{"line":25,"column":34}},"7":{"start":{"line":30,"column":4},"end":{"line":30,"column":27}},"8":{"start":{"line":30,"column":16},"end":{"line":30,"column":27}},"9":{"start":{"line":32,"column":4},"end":{"line":32,"column":70}},"10":{"start":{"line":37,"column":25},"end":{"line":42,"column":2}},"11":{"start":{"line":45,"column":20},"end":{"line":64,"column":1}},"12":{"start":{"line":71,"column":28},"end":{"line":75,"column":1}},"13":{"start":{"line":72,"column":33},"end":{"line":72,"column":60}},"14":{"start":{"line":73,"column":4},"end":{"line":74,"column":22}},"15":{"start":{"line":73,"column":39},"end":{"line":73,"column":51}},"16":{"start":{"line":74,"column":9},"end":{"line":74,"column":22}},"17":{"start":{"line":78,"column":0},"end":{"line":125,"column":1}},"18":{"start":{"line":80,"column":4},"end":{"line":85,"column":7}},"19":{"start":{"line":90,"column":4},"end":{"line":92,"column":48}},"20":{"start":{"line":90,"column":48},"end":{"line":90,"column":96}},"21":{"start":{"line":91,"column":9},"end":{"line":92,"column":48}},"22":{"start":{"line":91,"column":52},"end":{"line":91,"column":101}},"23":{"start":{"line":92,"column":9},"end":{"line":92,"column":48}},"24":{"start":{"line":95,"column":4},"end":{"line":99,"column":7}},"25":{"start":{"line":102,"column":4},"end":{"line":102,"column":65}},"26":{"start":{"line":105,"column":4},"end":{"line":107,"column":6}},"27":{"start":{"line":110,"column":4},"end":{"line":110,"column":54}},"28":{"start":{"line":111,"column":4},"end":{"line":111,"column":53}},"29":{"start":{"line":112,"column":4},"end":{"line":112,"column":50}},"30":{"start":{"line":119,"column":4},"end":{"line":121,"column":6}},"31":{"start":{"line":124,"column":4},"end":{"line":124,"column":54}},"32":{"start":{"line":128,"column":0},"end":{"line":128,"column":24}}},"fnMap":{"0":{"name":"(anonymous_0)","decl":{"start":{"line":21,"column":26},"end":{"line":21,"column":27}},"loc":{"start":{"line":21,"column":34},"end":{"line":33,"column":5}},"line":21},"1":{"name":"(anonymous_1)","decl":{"start":{"line":71,"column":28},"end":{"line":71,"column":29}},"loc":{"start":{"line":71,"column":34},"end":{"line":75,"column":1}},"line":71}},"branchMap":{"0":{"loc":{"start":{"line":25,"column":11},"end":{"line":25,"column":33}},"type":"cond-expr","locations":[{"start":{"line":25,"column":18},"end":{"line":25,"column":28}},{"start":{"line":25,"column":31},"end":{"line":25,"column":33}}],"line":25},"1":{"loc":{"start":{"line":30,"column":4},"end":{"line":30,"column":27}},"type":"if","locations":[{"start":{"line":30,"column":4},"end":{"line":30,"column":27}},{"start":{},"end":{}}],"line":30},"2":{"loc":{"start":{"line":73,"column":4},"end":{"line":74,"column":22}},"type":"if","locations":[{"start":{"line":73,"column":4},"end":{"line":74,"column":22}},{"start":{"line":74,"column":9},"end":{"line":74,"column":22}}],"line":73},"3":{"loc":{"start":{"line":78,"column":0},"end":{"line":125,"column":1}},"type":"if","locations":[{"start":{"line":78,"column":0},"end":{"line":125,"column":1}},{"start":{"line":116,"column":5},"end":{"line":125,"column":1}}],"line":78},"4":{"loc":{"start":{"line":90,"column":4},"end":{"line":92,"column":48}},"type":"if","locations":[{"start":{"line":90,"column":4},"end":{"line":92,"column":48}},{"start":{"line":91,"column":9},"end":{"line":92,"column":48}}],"line":90},"5":{"loc":{"start":{"line":91,"column":9},"end":{"line":92,"column":48}},"type":"if","locations":[{"start":{"line":91,"column":9},"end":{"line":92,"column":48}},{"start":{"line":92,"column":9},"end":{"line":92,"column":48}}],"line":91}},"s":{"0":1,"1":1,"2":1,"3":1,"4":1,"5":14,"6":14,"7":14,"8":14,"9":14,"10":1,"11":1,"12":1,"13":1,"14":1,"15":0,"16":1,"17":1,"18":0,"19":0,"20":0,"21":0,"22":0,"23":0,"24":0,"25":0,"26":0,"27":0,"28":0,"29":0,"30":1,"31":1,"32":1},"f":{"0":14,"1":1},"b":{"0":[0,14],"1":[14,0],"2":[0,1],"3":[0,1],"4":[0,0],"5":[0,0]},"_coverageSchema":"1a1c01bbd47fc00a2c39e90264f33305004495a9","hash":"9a01f7b299faf4af7911fde59cf903c777dabc17"}
,"/Users/oscar/Dev Projects/aura-backend/models/Activities.js": {"path":"/Users/oscar/Dev Projects/aura-backend/models/Activities.js","statementMap":{"0":{"start":{"line":1,"column":17},"end":{"line":1,"column":36}},"1":{"start":{"line":3,"column":15},"end":{"line":3,"column":30}},"2":{"start":{"line":5,"column":25},"end":{"line":26,"column":2}},"3":{"start":{"line":28,"column":0},"end":{"line":28,"column":77}}},"fnMap":{},"branchMap":{},"s":{"0":1,"1":1,"2":1,"3":1},"f":{},"b":{},"_coverageSchema":"1a1c01bbd47fc00a2c39e90264f33305004495a9","hash":"ac7721666e12c402a5e20834732b18465f983cad"}
,"/Users/oscar/Dev Projects/aura-backend/models/Categories.js": {"path":"/Users/oscar/Dev Projects/aura-backend/models/Categories.js","statementMap":{"0":{"start":{"line":1,"column":17},"end":{"line":1,"column":36}},"1":{"start":{"line":3,"column":15},"end":{"line":3,"column":30}},"2":{"start":{"line":5,"column":25},"end":{"line":26,"column":2}},"3":{"start":{"line":28,"column":0},"end":{"line":28,"column":77}}},"fnMap":{},"branchMap":{},"s":{"0":1,"1":1,"2":1,"3":1},"f":{},"b":{},"_coverageSchema":"1a1c01bbd47fc00a2c39e90264f33305004495a9","hash":"17716079ab97cac1127323ae292d627cfa08c046"}
,"/Users/oscar/Dev Projects/aura-backend/models/Entry.js": {"path":"/Users/oscar/Dev Projects/aura-backend/models/Entry.js","statementMap":{"0":{"start":{"line":1,"column":17},"end":{"line":1,"column":36}},"1":{"start":{"line":3,"column":15},"end":{"line":3,"column":30}},"2":{"start":{"line":5,"column":20},"end":{"line":36,"column":2}},"3":{"start":{"line":41,"column":0},"end":{"line":41,"column":62}}},"fnMap":{},"branchMap":{},"s":{"0":1,"1":1,"2":1,"3":1},"f":{},"b":{},"_coverageSchema":"1a1c01bbd47fc00a2c39e90264f33305004495a9","hash":"885c73f8d221a9131163f94a6e8748331f47629a"}
,"/Users/oscar/Dev Projects/aura-backend/models/User.js": {"path":"/Users/oscar/Dev Projects/aura-backend/models/User.js","statementMap":{"0":{"start":{"line":1,"column":17},"end":{"line":1,"column":36}},"1":{"start":{"line":3,"column":15},"end":{"line":3,"column":30}},"2":{"start":{"line":5,"column":19},"end":{"line":15,"column":2}},"3":{"start":{"line":17,"column":0},"end":{"line":17,"column":59}}},"fnMap":{},"branchMap":{},"s":{"0":1,"1":1,"2":1,"3":1},"f":{},"b":{},"_coverageSchema":"1a1c01bbd47fc00a2c39e90264f33305004495a9","hash":"afef185583273d3ac29f30689380ddfef26174dd"}
,"/Users/oscar/Dev Projects/aura-backend/services/JournalService.js": {"path":"/Users/oscar/Dev Projects/aura-backend/services/JournalService.js","statementMap":{"0":{"start":{"line":2,"column":15},"end":{"line":2,"column":43}},"1":{"start":{"line":5,"column":18},"end":{"line":5,"column":49}},"2":{"start":{"line":8,"column":13},"end":{"line":8,"column":38}},"3":{"start":{"line":9,"column":14},"end":{"line":9,"column":40}},"4":{"start":{"line":10,"column":19},"end":{"line":10,"column":50}},"5":{"start":{"line":11,"column":19},"end":{"line":11,"column":50}},"6":{"start":{"line":14,"column":21},"end":{"line":14,"column":51}},"7":{"start":{"line":15,"column":29},"end":{"line":15,"column":45}},"8":{"start":{"line":18,"column":21},"end":{"line":18,"column":45}},"9":{"start":{"line":21,"column":21},"end":{"line":21,"column":55}},"10":{"start":{"line":26,"column":0},"end":{"line":1217,"column":2}},"11":{"start":{"line":45,"column":8},"end":{"line":45,"column":37}},"12":{"start":{"line":48,"column":8},"end":{"line":48,"column":43}},"13":{"start":{"line":49,"column":8},"end":{"line":49,"column":43}},"14":{"start":{"line":50,"column":8},"end":{"line":50,"column":49}},"15":{"start":{"line":51,"column":8},"end":{"line":51,"column":55}},"16":{"start":{"line":52,"column":8},"end":{"line":52,"column":55}},"17":{"start":{"line":53,"column":8},"end":{"line":53,"column":43}},"18":{"start":{"line":54,"column":8},"end":{"line":54,"column":47}},"19":{"start":{"line":57,"column":8},"end":{"line":57,"column":51}},"20":{"start":{"line":58,"column":8},"end":{"line":58,"column":47}},"21":{"start":{"line":59,"column":8},"end":{"line":59,"column":45}},"22":{"start":{"line":64,"column":8},"end":{"line":77,"column":10}},"23":{"start":{"line":99,"column":8},"end":{"line":206,"column":9}},"24":{"start":{"line":101,"column":12},"end":{"line":103,"column":13}},"25":{"start":{"line":102,"column":16},"end":{"line":102,"column":104}},"26":{"start":{"line":106,"column":12},"end":{"line":108,"column":13}},"27":{"start":{"line":107,"column":16},"end":{"line":107,"column":123}},"28":{"start":{"line":111,"column":12},"end":{"line":113,"column":13}},"29":{"start":{"line":112,"column":16},"end":{"line":112,"column":126}},"30":{"start":{"line":116,"column":12},"end":{"line":118,"column":13}},"31":{"start":{"line":117,"column":16},"end":{"line":117,"column":123}},"32":{"start":{"line":122,"column":12},"end":{"line":124,"column":13}},"33":{"start":{"line":123,"column":16},"end":{"line":123,"column":141}},"34":{"start":{"line":134,"column":26},"end":{"line":134,"column":82}},"35":{"start":{"line":137,"column":12},"end":{"line":190,"column":13}},"36":{"start":{"line":138,"column":16},"end":{"line":138,"column":32}},"37":{"start":{"line":139,"column":16},"end":{"line":139,"column":34}},"38":{"start":{"line":140,"column":16},"end":{"line":140,"column":39}},"39":{"start":{"line":147,"column":33},"end":{"line":147,"column":35}},"40":{"start":{"line":150,"column":16},"end":{"line":150,"column":45}},"41":{"start":{"line":151,"column":16},"end":{"line":151,"column":73}},"42":{"start":{"line":152,"column":16},"end":{"line":152,"column":79}},"43":{"start":{"line":155,"column":16},"end":{"line":155,"column":87}},"44":{"start":{"line":155,"column":43},"end":{"line":155,"column":87}},"45":{"start":{"line":158,"column":16},"end":{"line":158,"column":87}},"46":{"start":{"line":158,"column":43},"end":{"line":158,"column":87}},"47":{"start":{"line":161,"column":16},"end":{"line":161,"column":73}},"48":{"start":{"line":164,"column":16},"end":{"line":164,"column":80}},"49":{"start":{"line":164,"column":39},"end":{"line":164,"column":80}},"50":{"start":{"line":167,"column":28},"end":{"line":167,"column":47}},"51":{"start":{"line":168,"column":16},"end":{"line":168,"column":35}},"52":{"start":{"line":171,"column":16},"end":{"line":171,"column":65}},"53":{"start":{"line":174,"column":16},"end":{"line":174,"column":95}},"54":{"start":{"line":177,"column":16},"end":{"line":177,"column":31}},"55":{"start":{"line":178,"column":16},"end":{"line":178,"column":33}},"56":{"start":{"line":179,"column":16},"end":{"line":189,"column":23}},"57":{"start":{"line":193,"column":12},"end":{"line":198,"column":14}},"58":{"start":{"line":201,"column":12},"end":{"line":201,"column":28}},"59":{"start":{"line":204,"column":12},"end":{"line":204,"column":38}},"60":{"start":{"line":205,"column":12},"end":{"line":205,"column":22}},"61":{"start":{"line":230,"column":8},"end":{"line":343,"column":9}},"62":{"start":{"line":232,"column":12},"end":{"line":234,"column":13}},"63":{"start":{"line":233,"column":16},"end":{"line":233,"column":105}},"64":{"start":{"line":237,"column":12},"end":{"line":239,"column":13}},"65":{"start":{"line":238,"column":16},"end":{"line":238,"column":124}},"66":{"start":{"line":243,"column":12},"end":{"line":245,"column":13}},"67":{"start":{"line":244,"column":16},"end":{"line":244,"column":148}},"68":{"start":{"line":249,"column":12},"end":{"line":251,"column":13}},"69":{"start":{"line":250,"column":16},"end":{"line":250,"column":141}},"70":{"start":{"line":262,"column":24},"end":{"line":269,"column":13}},"71":{"start":{"line":272,"column":12},"end":{"line":327,"column":13}},"72":{"start":{"line":273,"column":16},"end":{"line":273,"column":32}},"73":{"start":{"line":274,"column":16},"end":{"line":274,"column":34}},"74":{"start":{"line":275,"column":16},"end":{"line":275,"column":47}},"75":{"start":{"line":282,"column":37},"end":{"line":282,"column":39}},"76":{"start":{"line":285,"column":16},"end":{"line":285,"column":98}},"77":{"start":{"line":285,"column":37},"end":{"line":285,"column":98}},"78":{"start":{"line":286,"column":16},"end":{"line":286,"column":107}},"79":{"start":{"line":286,"column":40},"end":{"line":286,"column":107}},"80":{"start":{"line":287,"column":16},"end":{"line":287,"column":91}},"81":{"start":{"line":287,"column":43},"end":{"line":287,"column":91}},"82":{"start":{"line":288,"column":16},"end":{"line":288,"column":91}},"83":{"start":{"line":288,"column":43},"end":{"line":288,"column":91}},"84":{"start":{"line":289,"column":16},"end":{"line":289,"column":98}},"85":{"start":{"line":289,"column":37},"end":{"line":289,"column":98}},"86":{"start":{"line":291,"column":16},"end":{"line":291,"column":84}},"87":{"start":{"line":291,"column":39},"end":{"line":291,"column":84}},"88":{"start":{"line":294,"column":16},"end":{"line":294,"column":54}},"89":{"start":{"line":297,"column":16},"end":{"line":306,"column":18}},"90":{"start":{"line":309,"column":16},"end":{"line":309,"column":65}},"91":{"start":{"line":312,"column":16},"end":{"line":312,"column":90}},"92":{"start":{"line":315,"column":16},"end":{"line":315,"column":31}},"93":{"start":{"line":316,"column":16},"end":{"line":316,"column":33}},"94":{"start":{"line":317,"column":16},"end":{"line":317,"column":86}},"95":{"start":{"line":318,"column":16},"end":{"line":326,"column":18}},"96":{"start":{"line":330,"column":12},"end":{"line":335,"column":14}},"97":{"start":{"line":338,"column":12},"end":{"line":338,"column":28}},"98":{"start":{"line":341,"column":12},"end":{"line":341,"column":38}},"99":{"start":{"line":342,"column":12},"end":{"line":342,"column":22}},"100":{"start":{"line":359,"column":8},"end":{"line":432,"column":9}},"101":{"start":{"line":361,"column":12},"end":{"line":363,"column":13}},"102":{"start":{"line":362,"column":16},"end":{"line":362,"column":106}},"103":{"start":{"line":366,"column":12},"end":{"line":368,"column":13}},"104":{"start":{"line":367,"column":16},"end":{"line":367,"column":126}},"105":{"start":{"line":378,"column":24},"end":{"line":385,"column":13}},"106":{"start":{"line":388,"column":12},"end":{"line":416,"column":13}},"107":{"start":{"line":389,"column":16},"end":{"line":389,"column":32}},"108":{"start":{"line":390,"column":16},"end":{"line":390,"column":34}},"109":{"start":{"line":391,"column":16},"end":{"line":391,"column":47}},"110":{"start":{"line":397,"column":16},"end":{"line":404,"column":18}},"111":{"start":{"line":407,"column":16},"end":{"line":407,"column":65}},"112":{"start":{"line":410,"column":16},"end":{"line":410,"column":91}},"113":{"start":{"line":413,"column":16},"end":{"line":413,"column":31}},"114":{"start":{"line":414,"column":16},"end":{"line":414,"column":33}},"115":{"start":{"line":415,"column":16},"end":{"line":415,"column":86}},"116":{"start":{"line":419,"column":12},"end":{"line":424,"column":14}},"117":{"start":{"line":427,"column":12},"end":{"line":427,"column":28}},"118":{"start":{"line":430,"column":12},"end":{"line":430,"column":38}},"119":{"start":{"line":431,"column":12},"end":{"line":431,"column":22}},"120":{"start":{"line":451,"column":8},"end":{"line":587,"column":9}},"121":{"start":{"line":453,"column":12},"end":{"line":455,"column":13}},"122":{"start":{"line":454,"column":16},"end":{"line":454,"column":109}},"123":{"start":{"line":458,"column":12},"end":{"line":460,"column":13}},"124":{"start":{"line":459,"column":16},"end":{"line":459,"column":160}},"125":{"start":{"line":463,"column":12},"end":{"line":472,"column":13}},"126":{"start":{"line":465,"column":16},"end":{"line":467,"column":17}},"127":{"start":{"line":466,"column":20},"end":{"line":466,"column":153}},"128":{"start":{"line":469,"column":16},"end":{"line":471,"column":17}},"129":{"start":{"line":470,"column":20},"end":{"line":470,"column":151}},"130":{"start":{"line":476,"column":12},"end":{"line":482,"column":13}},"131":{"start":{"line":477,"column":38},"end":{"line":477,"column":93}},"132":{"start":{"line":479,"column":16},"end":{"line":481,"column":17}},"133":{"start":{"line":480,"column":20},"end":{"line":480,"column":120}},"134":{"start":{"line":492,"column":24},"end":{"line":492,"column":80}},"135":{"start":{"line":495,"column":12},"end":{"line":570,"column":13}},"136":{"start":{"line":496,"column":16},"end":{"line":496,"column":32}},"137":{"start":{"line":497,"column":16},"end":{"line":497,"column":34}},"138":{"start":{"line":498,"column":16},"end":{"line":498,"column":50}},"139":{"start":{"line":504,"column":31},"end":{"line":509,"column":17}},"140":{"start":{"line":513,"column":16},"end":{"line":519,"column":17}},"141":{"start":{"line":514,"column":20},"end":{"line":518,"column":21}},"142":{"start":{"line":521,"column":16},"end":{"line":527,"column":17}},"143":{"start":{"line":522,"column":20},"end":{"line":526,"column":21}},"144":{"start":{"line":530,"column":16},"end":{"line":535,"column":18}},"145":{"start":{"line":537,"column":32},"end":{"line":537,"column":61}},"146":{"start":{"line":540,"column":16},"end":{"line":540,"column":67}},"147":{"start":{"line":544,"column":20},"end":{"line":551,"column":24}},"148":{"start":{"line":545,"column":47},"end":{"line":545,"column":77}},"149":{"start":{"line":547,"column":24},"end":{"line":547,"column":47}},"150":{"start":{"line":554,"column":16},"end":{"line":560,"column":23}},"151":{"start":{"line":559,"column":24},"end":{"line":559,"column":70}},"152":{"start":{"line":563,"column":16},"end":{"line":563,"column":95}},"153":{"start":{"line":566,"column":16},"end":{"line":566,"column":31}},"154":{"start":{"line":567,"column":16},"end":{"line":567,"column":33}},"155":{"start":{"line":568,"column":16},"end":{"line":568,"column":59}},"156":{"start":{"line":569,"column":16},"end":{"line":569,"column":31}},"157":{"start":{"line":573,"column":12},"end":{"line":579,"column":14}},"158":{"start":{"line":582,"column":12},"end":{"line":582,"column":28}},"159":{"start":{"line":585,"column":12},"end":{"line":585,"column":38}},"160":{"start":{"line":586,"column":12},"end":{"line":586,"column":22}},"161":{"start":{"line":602,"column":8},"end":{"line":631,"column":9}},"162":{"start":{"line":604,"column":12},"end":{"line":606,"column":13}},"163":{"start":{"line":605,"column":16},"end":{"line":605,"column":106}},"164":{"start":{"line":609,"column":12},"end":{"line":613,"column":14}},"165":{"start":{"line":616,"column":12},"end":{"line":616,"column":93}},"166":{"start":{"line":619,"column":29},"end":{"line":623,"column":13}},"167":{"start":{"line":626,"column":12},"end":{"line":626,"column":28}},"168":{"start":{"line":629,"column":12},"end":{"line":629,"column":38}},"169":{"start":{"line":630,"column":12},"end":{"line":630,"column":22}},"170":{"start":{"line":647,"column":8},"end":{"line":729,"column":9}},"171":{"start":{"line":649,"column":12},"end":{"line":651,"column":13}},"172":{"start":{"line":650,"column":16},"end":{"line":650,"column":103}},"173":{"start":{"line":654,"column":12},"end":{"line":656,"column":13}},"174":{"start":{"line":655,"column":16},"end":{"line":655,"column":123}},"175":{"start":{"line":667,"column":24},"end":{"line":674,"column":13}},"176":{"start":{"line":677,"column":12},"end":{"line":713,"column":13}},"177":{"start":{"line":678,"column":16},"end":{"line":678,"column":32}},"178":{"start":{"line":679,"column":16},"end":{"line":679,"column":34}},"179":{"start":{"line":680,"column":16},"end":{"line":680,"column":47}},"180":{"start":{"line":686,"column":30},"end":{"line":693,"column":17}},"181":{"start":{"line":696,"column":16},"end":{"line":696,"column":85}},"182":{"start":{"line":699,"column":16},"end":{"line":699,"column":65}},"183":{"start":{"line":701,"column":39},"end":{"line":701,"column":69}},"184":{"start":{"line":709,"column":16},"end":{"line":709,"column":31}},"185":{"start":{"line":710,"column":16},"end":{"line":710,"column":33}},"186":{"start":{"line":711,"column":16},"end":{"line":711,"column":43}},"187":{"start":{"line":712,"column":16},"end":{"line":712,"column":38}},"188":{"start":{"line":716,"column":12},"end":{"line":721,"column":14}},"189":{"start":{"line":724,"column":12},"end":{"line":724,"column":28}},"190":{"start":{"line":727,"column":12},"end":{"line":727,"column":38}},"191":{"start":{"line":728,"column":12},"end":{"line":728,"column":22}},"192":{"start":{"line":744,"column":8},"end":{"line":791,"column":9}},"193":{"start":{"line":746,"column":12},"end":{"line":748,"column":13}},"194":{"start":{"line":747,"column":16},"end":{"line":747,"column":115}},"195":{"start":{"line":751,"column":39},"end":{"line":754,"column":42}},"196":{"start":{"line":757,"column":35},"end":{"line":757,"column":80}},"197":{"start":{"line":759,"column":36},"end":{"line":759,"column":50}},"198":{"start":{"line":773,"column":12},"end":{"line":781,"column":13}},"199":{"start":{"line":773,"column":46},"end":{"line":773,"column":91}},"200":{"start":{"line":777,"column":16},"end":{"line":780,"column":17}},"201":{"start":{"line":784,"column":12},"end":{"line":784,"column":93}},"202":{"start":{"line":786,"column":12},"end":{"line":786,"column":28}},"203":{"start":{"line":789,"column":12},"end":{"line":789,"column":38}},"204":{"start":{"line":790,"column":12},"end":{"line":790,"column":22}},"205":{"start":{"line":807,"column":8},"end":{"line":929,"column":9}},"206":{"start":{"line":809,"column":12},"end":{"line":811,"column":13}},"207":{"start":{"line":810,"column":16},"end":{"line":810,"column":111}},"208":{"start":{"line":814,"column":12},"end":{"line":816,"column":13}},"209":{"start":{"line":815,"column":16},"end":{"line":815,"column":131}},"210":{"start":{"line":821,"column":31},"end":{"line":828,"column":13}},"211":{"start":{"line":831,"column":12},"end":{"line":833,"column":13}},"212":{"start":{"line":832,"column":16},"end":{"line":832,"column":111}},"213":{"start":{"line":835,"column":31},"end":{"line":835,"column":66}},"214":{"start":{"line":844,"column":28},"end":{"line":845,"column":92}},"215":{"start":{"line":848,"column":12},"end":{"line":850,"column":13}},"216":{"start":{"line":849,"column":16},"end":{"line":849,"column":113}},"217":{"start":{"line":853,"column":37},"end":{"line":853,"column":69}},"218":{"start":{"line":856,"column":31},"end":{"line":856,"column":35}},"219":{"start":{"line":858,"column":30},"end":{"line":858,"column":31}},"220":{"start":{"line":860,"column":12},"end":{"line":911,"column":13}},"221":{"start":{"line":861,"column":16},"end":{"line":910,"column":17}},"222":{"start":{"line":863,"column":20},"end":{"line":863,"column":75}},"223":{"start":{"line":863,"column":66},"end":{"line":863,"column":75}},"224":{"start":{"line":865,"column":43},"end":{"line":865,"column":48}},"225":{"start":{"line":883,"column":31},"end":{"line":883,"column":32}},"226":{"start":{"line":887,"column":20},"end":{"line":887,"column":78}},"227":{"start":{"line":888,"column":20},"end":{"line":888,"column":84}},"228":{"start":{"line":891,"column":20},"end":{"line":896,"column":21}},"229":{"start":{"line":892,"column":24},"end":{"line":893,"column":80}},"230":{"start":{"line":893,"column":35},"end":{"line":893,"column":70}},"231":{"start":{"line":894,"column":24},"end":{"line":895,"column":80}},"232":{"start":{"line":895,"column":35},"end":{"line":895,"column":70}},"233":{"start":{"line":902,"column":20},"end":{"line":905,"column":21}},"234":{"start":{"line":903,"column":24},"end":{"line":903,"column":54}},"235":{"start":{"line":904,"column":24},"end":{"line":904,"column":43}},"236":{"start":{"line":908,"column":20},"end":{"line":908,"column":62}},"237":{"start":{"line":909,"column":20},"end":{"line":909,"column":30}},"238":{"start":{"line":913,"column":12},"end":{"line":915,"column":13}},"239":{"start":{"line":914,"column":16},"end":{"line":914,"column":86}},"240":{"start":{"line":918,"column":12},"end":{"line":918,"column":98}},"241":{"start":{"line":921,"column":12},"end":{"line":921,"column":45}},"242":{"start":{"line":924,"column":12},"end":{"line":924,"column":62}},"243":{"start":{"line":927,"column":12},"end":{"line":927,"column":38}},"244":{"start":{"line":928,"column":12},"end":{"line":928,"column":22}},"245":{"start":{"line":947,"column":8},"end":{"line":1215,"column":9}},"246":{"start":{"line":949,"column":12},"end":{"line":951,"column":13}},"247":{"start":{"line":950,"column":16},"end":{"line":950,"column":95}},"248":{"start":{"line":954,"column":12},"end":{"line":956,"column":13}},"249":{"start":{"line":955,"column":16},"end":{"line":955,"column":119}},"250":{"start":{"line":959,"column":12},"end":{"line":961,"column":13}},"251":{"start":{"line":960,"column":16},"end":{"line":960,"column":117}},"252":{"start":{"line":964,"column":12},"end":{"line":966,"column":13}},"253":{"start":{"line":965,"column":16},"end":{"line":965,"column":135}},"254":{"start":{"line":968,"column":12},"end":{"line":970,"column":13}},"255":{"start":{"line":969,"column":16},"end":{"line":969,"column":133}},"256":{"start":{"line":974,"column":12},"end":{"line":980,"column":13}},"257":{"start":{"line":975,"column":38},"end":{"line":975,"column":93}},"258":{"start":{"line":977,"column":16},"end":{"line":979,"column":17}},"259":{"start":{"line":978,"column":20},"end":{"line":978,"column":106}},"260":{"start":{"line":983,"column":38},"end":{"line":1028,"column":13}},"261":{"start":{"line":1031,"column":12},"end":{"line":1040,"column":13}},"262":{"start":{"line":1033,"column":16},"end":{"line":1039,"column":18}},"263":{"start":{"line":1043,"column":37},"end":{"line":1045,"column":13}},"264":{"start":{"line":1047,"column":31},"end":{"line":1047,"column":72}},"265":{"start":{"line":1050,"column":25},"end":{"line":1058,"column":13}},"266":{"start":{"line":1061,"column":35},"end":{"line":1061,"column":87}},"267":{"start":{"line":1072,"column":12},"end":{"line":1083,"column":14}},"268":{"start":{"line":1074,"column":20},"end":{"line":1081,"column":21}},"269":{"start":{"line":1086,"column":12},"end":{"line":1117,"column":13}},"270":{"start":{"line":1088,"column":16},"end":{"line":1088,"column":39}},"271":{"start":{"line":1091,"column":16},"end":{"line":1091,"column":99}},"272":{"start":{"line":1091,"column":63},"end":{"line":1091,"column":99}},"273":{"start":{"line":1092,"column":16},"end":{"line":1092,"column":97}},"274":{"start":{"line":1092,"column":62},"end":{"line":1092,"column":97}},"275":{"start":{"line":1093,"column":16},"end":{"line":1093,"column":95}},"276":{"start":{"line":1093,"column":61},"end":{"line":1093,"column":95}},"277":{"start":{"line":1094,"column":16},"end":{"line":1094,"column":92}},"278":{"start":{"line":1094,"column":60},"end":{"line":1094,"column":92}},"279":{"start":{"line":1097,"column":16},"end":{"line":1113,"column":17}},"280":{"start":{"line":1099,"column":20},"end":{"line":1109,"column":21}},"281":{"start":{"line":1102,"column":24},"end":{"line":1105,"column":25}},"282":{"start":{"line":1104,"column":28},"end":{"line":1104,"column":46}},"283":{"start":{"line":1108,"column":24},"end":{"line":1108,"column":33}},"284":{"start":{"line":1112,"column":20},"end":{"line":1112,"column":29}},"285":{"start":{"line":1116,"column":16},"end":{"line":1116,"column":25}},"286":{"start":{"line":1122,"column":16},"end":{"line":1123,"column":78}},"287":{"start":{"line":1127,"column":40},"end":{"line":1129,"column":13}},"288":{"start":{"line":1132,"column":33},"end":{"line":1132,"column":38}},"289":{"start":{"line":1134,"column":12},"end":{"line":1138,"column":14}},"290":{"start":{"line":1136,"column":20},"end":{"line":1136,"column":60}},"291":{"start":{"line":1136,"column":39},"end":{"line":1136,"column":60}},"292":{"start":{"line":1141,"column":30},"end":{"line":1141,"column":32}},"293":{"start":{"line":1144,"column":12},"end":{"line":1177,"column":13}},"294":{"start":{"line":1146,"column":39},"end":{"line":1148,"column":17}},"295":{"start":{"line":1147,"column":34},"end":{"line":1147,"column":43}},"296":{"start":{"line":1150,"column":16},"end":{"line":1153,"column":18}},"297":{"start":{"line":1150,"column":44},"end":{"line":1153,"column":18}},"298":{"start":{"line":1155,"column":16},"end":{"line":1158,"column":18}},"299":{"start":{"line":1155,"column":44},"end":{"line":1158,"column":18}},"300":{"start":{"line":1160,"column":16},"end":{"line":1163,"column":18}},"301":{"start":{"line":1160,"column":44},"end":{"line":1163,"column":18}},"302":{"start":{"line":1165,"column":16},"end":{"line":1168,"column":18}},"303":{"start":{"line":1165,"column":44},"end":{"line":1168,"column":18}},"304":{"start":{"line":1173,"column":16},"end":{"line":1176,"column":18}},"305":{"start":{"line":1180,"column":24},"end":{"line":1207,"column":13}},"306":{"start":{"line":1210,"column":12},"end":{"line":1210,"column":70}},"307":{"start":{"line":1213,"column":12},"end":{"line":1213,"column":38}},"308":{"start":{"line":1214,"column":12},"end":{"line":1214,"column":22}}},"fnMap":{"0":{"name":"(anonymous_0)","decl":{"start":{"line":43,"column":4},"end":{"line":43,"column":5}},"loc":{"start":{"line":43,"column":29},"end":{"line":78,"column":5}},"line":43},"1":{"name":"(anonymous_1)","decl":{"start":{"line":98,"column":4},"end":{"line":98,"column":5}},"loc":{"start":{"line":98,"column":24},"end":{"line":207,"column":5}},"line":98},"2":{"name":"(anonymous_2)","decl":{"start":{"line":229,"column":4},"end":{"line":229,"column":5}},"loc":{"start":{"line":229,"column":22},"end":{"line":344,"column":5}},"line":229},"3":{"name":"(anonymous_3)","decl":{"start":{"line":358,"column":4},"end":{"line":358,"column":5}},"loc":{"start":{"line":358,"column":24},"end":{"line":433,"column":5}},"line":358},"4":{"name":"(anonymous_4)","decl":{"start":{"line":450,"column":4},"end":{"line":450,"column":5}},"loc":{"start":{"line":450,"column":26},"end":{"line":588,"column":5}},"line":450},"5":{"name":"decryptEntries","decl":{"start":{"line":543,"column":31},"end":{"line":543,"column":45}},"loc":{"start":{"line":543,"column":55},"end":{"line":552,"column":17}},"line":543},"6":{"name":"(anonymous_6)","decl":{"start":{"line":544,"column":50},"end":{"line":544,"column":51}},"loc":{"start":{"line":544,"column":67},"end":{"line":551,"column":21}},"line":544},"7":{"name":"(anonymous_7)","decl":{"start":{"line":555,"column":26},"end":{"line":555,"column":27}},"loc":{"start":{"line":555,"column":32},"end":{"line":557,"column":21}},"line":555},"8":{"name":"(anonymous_8)","decl":{"start":{"line":558,"column":27},"end":{"line":558,"column":28}},"loc":{"start":{"line":558,"column":34},"end":{"line":560,"column":21}},"line":558},"9":{"name":"(anonymous_9)","decl":{"start":{"line":601,"column":4},"end":{"line":601,"column":5}},"loc":{"start":{"line":601,"column":29},"end":{"line":632,"column":5}},"line":601},"10":{"name":"(anonymous_10)","decl":{"start":{"line":646,"column":4},"end":{"line":646,"column":5}},"loc":{"start":{"line":646,"column":21},"end":{"line":730,"column":5}},"line":646},"11":{"name":"(anonymous_11)","decl":{"start":{"line":743,"column":4},"end":{"line":743,"column":5}},"loc":{"start":{"line":743,"column":31},"end":{"line":792,"column":5}},"line":743},"12":{"name":"(anonymous_12)","decl":{"start":{"line":806,"column":4},"end":{"line":806,"column":5}},"loc":{"start":{"line":806,"column":28},"end":{"line":930,"column":5}},"line":806},"13":{"name":"(anonymous_13)","decl":{"start":{"line":893,"column":28},"end":{"line":893,"column":29}},"loc":{"start":{"line":893,"column":35},"end":{"line":893,"column":70}},"line":893},"14":{"name":"(anonymous_14)","decl":{"start":{"line":895,"column":28},"end":{"line":895,"column":29}},"loc":{"start":{"line":895,"column":35},"end":{"line":895,"column":70}},"line":895},"15":{"name":"(anonymous_15)","decl":{"start":{"line":946,"column":4},"end":{"line":946,"column":5}},"loc":{"start":{"line":946,"column":21},"end":{"line":1216,"column":5}},"line":946},"16":{"name":"(anonymous_16)","decl":{"start":{"line":1073,"column":16},"end":{"line":1073,"column":17}},"loc":{"start":{"line":1073,"column":28},"end":{"line":1082,"column":17}},"line":1073},"17":{"name":"(anonymous_17)","decl":{"start":{"line":1135,"column":16},"end":{"line":1135,"column":17}},"loc":{"start":{"line":1135,"column":29},"end":{"line":1137,"column":17}},"line":1135},"18":{"name":"(anonymous_18)","decl":{"start":{"line":1147,"column":21},"end":{"line":1147,"column":22}},"loc":{"start":{"line":1147,"column":34},"end":{"line":1147,"column":43}},"line":1147}},"branchMap":{"0":{"loc":{"start":{"line":43,"column":16},"end":{"line":43,"column":27}},"type":"default-arg","locations":[{"start":{"line":43,"column":25},"end":{"line":43,"column":27}}],"line":43},"1":{"loc":{"start":{"line":101,"column":12},"end":{"line":103,"column":13}},"type":"if","locations":[{"start":{"line":101,"column":12},"end":{"line":103,"column":13}},{"start":{},"end":{}}],"line":101},"2":{"loc":{"start":{"line":106,"column":12},"end":{"line":108,"column":13}},"type":"if","locations":[{"start":{"line":106,"column":12},"end":{"line":108,"column":13}},{"start":{},"end":{}}],"line":106},"3":{"loc":{"start":{"line":111,"column":12},"end":{"line":113,"column":13}},"type":"if","locations":[{"start":{"line":111,"column":12},"end":{"line":113,"column":13}},{"start":{},"end":{}}],"line":111},"4":{"loc":{"start":{"line":116,"column":12},"end":{"line":118,"column":13}},"type":"if","locations":[{"start":{"line":116,"column":12},"end":{"line":118,"column":13}},{"start":{},"end":{}}],"line":116},"5":{"loc":{"start":{"line":122,"column":12},"end":{"line":124,"column":13}},"type":"if","locations":[{"start":{"line":122,"column":12},"end":{"line":124,"column":13}},{"start":{},"end":{}}],"line":122},"6":{"loc":{"start":{"line":122,"column":16},"end":{"line":122,"column":73}},"type":"binary-expr","locations":[{"start":{"line":122,"column":16},"end":{"line":122,"column":33}},{"start":{"line":122,"column":37},"end":{"line":122,"column":73}}],"line":122},"7":{"loc":{"start":{"line":137,"column":12},"end":{"line":190,"column":13}},"type":"if","locations":[{"start":{"line":137,"column":12},"end":{"line":190,"column":13}},{"start":{"line":144,"column":17},"end":{"line":190,"column":13}}],"line":137},"8":{"loc":{"start":{"line":155,"column":16},"end":{"line":155,"column":87}},"type":"if","locations":[{"start":{"line":155,"column":16},"end":{"line":155,"column":87}},{"start":{},"end":{}}],"line":155},"9":{"loc":{"start":{"line":158,"column":16},"end":{"line":158,"column":87}},"type":"if","locations":[{"start":{"line":158,"column":16},"end":{"line":158,"column":87}},{"start":{},"end":{}}],"line":158},"10":{"loc":{"start":{"line":164,"column":16},"end":{"line":164,"column":80}},"type":"if","locations":[{"start":{"line":164,"column":16},"end":{"line":164,"column":80}},{"start":{},"end":{}}],"line":164},"11":{"loc":{"start":{"line":232,"column":12},"end":{"line":234,"column":13}},"type":"if","locations":[{"start":{"line":232,"column":12},"end":{"line":234,"column":13}},{"start":{},"end":{}}],"line":232},"12":{"loc":{"start":{"line":237,"column":12},"end":{"line":239,"column":13}},"type":"if","locations":[{"start":{"line":237,"column":12},"end":{"line":239,"column":13}},{"start":{},"end":{}}],"line":237},"13":{"loc":{"start":{"line":243,"column":12},"end":{"line":245,"column":13}},"type":"if","locations":[{"start":{"line":243,"column":12},"end":{"line":245,"column":13}},{"start":{},"end":{}}],"line":243},"14":{"loc":{"start":{"line":243,"column":16},"end":{"line":243,"column":53}},"type":"binary-expr","locations":[{"start":{"line":243,"column":16},"end":{"line":243,"column":33}},{"start":{"line":243,"column":37},"end":{"line":243,"column":53}}],"line":243},"15":{"loc":{"start":{"line":249,"column":12},"end":{"line":251,"column":13}},"type":"if","locations":[{"start":{"line":249,"column":12},"end":{"line":251,"column":13}},{"start":{},"end":{}}],"line":249},"16":{"loc":{"start":{"line":249,"column":16},"end":{"line":249,"column":73}},"type":"binary-expr","locations":[{"start":{"line":249,"column":16},"end":{"line":249,"column":33}},{"start":{"line":249,"column":37},"end":{"line":249,"column":73}}],"line":249},"17":{"loc":{"start":{"line":272,"column":12},"end":{"line":327,"column":13}},"type":"if","locations":[{"start":{"line":272,"column":12},"end":{"line":327,"column":13}},{"start":{"line":279,"column":17},"end":{"line":327,"column":13}}],"line":272},"18":{"loc":{"start":{"line":285,"column":16},"end":{"line":285,"column":98}},"type":"if","locations":[{"start":{"line":285,"column":16},"end":{"line":285,"column":98}},{"start":{},"end":{}}],"line":285},"19":{"loc":{"start":{"line":286,"column":16},"end":{"line":286,"column":107}},"type":"if","locations":[{"start":{"line":286,"column":16},"end":{"line":286,"column":107}},{"start":{},"end":{}}],"line":286},"20":{"loc":{"start":{"line":287,"column":16},"end":{"line":287,"column":91}},"type":"if","locations":[{"start":{"line":287,"column":16},"end":{"line":287,"column":91}},{"start":{},"end":{}}],"line":287},"21":{"loc":{"start":{"line":288,"column":16},"end":{"line":288,"column":91}},"type":"if","locations":[{"start":{"line":288,"column":16},"end":{"line":288,"column":91}},{"start":{},"end":{}}],"line":288},"22":{"loc":{"start":{"line":289,"column":16},"end":{"line":289,"column":98}},"type":"if","locations":[{"start":{"line":289,"column":16},"end":{"line":289,"column":98}},{"start":{},"end":{}}],"line":289},"23":{"loc":{"start":{"line":291,"column":16},"end":{"line":291,"column":84}},"type":"if","locations":[{"start":{"line":291,"column":16},"end":{"line":291,"column":84}},{"start":{},"end":{}}],"line":291},"24":{"loc":{"start":{"line":361,"column":12},"end":{"line":363,"column":13}},"type":"if","locations":[{"start":{"line":361,"column":12},"end":{"line":363,"column":13}},{"start":{},"end":{}}],"line":361},"25":{"loc":{"start":{"line":366,"column":12},"end":{"line":368,"column":13}},"type":"if","locations":[{"start":{"line":366,"column":12},"end":{"line":368,"column":13}},{"start":{},"end":{}}],"line":366},"26":{"loc":{"start":{"line":388,"column":12},"end":{"line":416,"column":13}},"type":"if","locations":[{"start":{"line":388,"column":12},"end":{"line":416,"column":13}},{"start":{"line":395,"column":17},"end":{"line":416,"column":13}}],"line":388},"27":{"loc":{"start":{"line":453,"column":12},"end":{"line":455,"column":13}},"type":"if","locations":[{"start":{"line":453,"column":12},"end":{"line":455,"column":13}},{"start":{},"end":{}}],"line":453},"28":{"loc":{"start":{"line":458,"column":12},"end":{"line":460,"column":13}},"type":"if","locations":[{"start":{"line":458,"column":12},"end":{"line":460,"column":13}},{"start":{},"end":{}}],"line":458},"29":{"loc":{"start":{"line":458,"column":16},"end":{"line":458,"column":57}},"type":"binary-expr","locations":[{"start":{"line":458,"column":16},"end":{"line":458,"column":35}},{"start":{"line":458,"column":39},"end":{"line":458,"column":57}}],"line":458},"30":{"loc":{"start":{"line":463,"column":12},"end":{"line":472,"column":13}},"type":"if","locations":[{"start":{"line":463,"column":12},"end":{"line":472,"column":13}},{"start":{},"end":{}}],"line":463},"31":{"loc":{"start":{"line":463,"column":16},"end":{"line":463,"column":56}},"type":"binary-expr","locations":[{"start":{"line":463,"column":16},"end":{"line":463,"column":35}},{"start":{"line":463,"column":39},"end":{"line":463,"column":56}}],"line":463},"32":{"loc":{"start":{"line":465,"column":16},"end":{"line":467,"column":17}},"type":"if","locations":[{"start":{"line":465,"column":16},"end":{"line":467,"column":17}},{"start":{},"end":{}}],"line":465},"33":{"loc":{"start":{"line":469,"column":16},"end":{"line":471,"column":17}},"type":"if","locations":[{"start":{"line":469,"column":16},"end":{"line":471,"column":17}},{"start":{},"end":{}}],"line":469},"34":{"loc":{"start":{"line":476,"column":12},"end":{"line":482,"column":13}},"type":"if","locations":[{"start":{"line":476,"column":12},"end":{"line":482,"column":13}},{"start":{},"end":{}}],"line":476},"35":{"loc":{"start":{"line":479,"column":16},"end":{"line":481,"column":17}},"type":"if","locations":[{"start":{"line":479,"column":16},"end":{"line":481,"column":17}},{"start":{},"end":{}}],"line":479},"36":{"loc":{"start":{"line":495,"column":12},"end":{"line":570,"column":13}},"type":"if","locations":[{"start":{"line":495,"column":12},"end":{"line":570,"column":13}},{"start":{"line":502,"column":17},"end":{"line":570,"column":13}}],"line":495},"37":{"loc":{"start":{"line":513,"column":16},"end":{"line":519,"column":17}},"type":"if","locations":[{"start":{"line":513,"column":16},"end":{"line":519,"column":17}},{"start":{},"end":{}}],"line":513},"38":{"loc":{"start":{"line":521,"column":16},"end":{"line":527,"column":17}},"type":"if","locations":[{"start":{"line":521,"column":16},"end":{"line":527,"column":17}},{"start":{},"end":{}}],"line":521},"39":{"loc":{"start":{"line":521,"column":20},"end":{"line":521,"column":60}},"type":"binary-expr","locations":[{"start":{"line":521,"column":20},"end":{"line":521,"column":39}},{"start":{"line":521,"column":43},"end":{"line":521,"column":60}}],"line":521},"40":{"loc":{"start":{"line":604,"column":12},"end":{"line":606,"column":13}},"type":"if","locations":[{"start":{"line":604,"column":12},"end":{"line":606,"column":13}},{"start":{},"end":{}}],"line":604},"41":{"loc":{"start":{"line":649,"column":12},"end":{"line":651,"column":13}},"type":"if","locations":[{"start":{"line":649,"column":12},"end":{"line":651,"column":13}},{"start":{},"end":{}}],"line":649},"42":{"loc":{"start":{"line":654,"column":12},"end":{"line":656,"column":13}},"type":"if","locations":[{"start":{"line":654,"column":12},"end":{"line":656,"column":13}},{"start":{},"end":{}}],"line":654},"43":{"loc":{"start":{"line":677,"column":12},"end":{"line":713,"column":13}},"type":"if","locations":[{"start":{"line":677,"column":12},"end":{"line":713,"column":13}},{"start":{"line":684,"column":17},"end":{"line":713,"column":13}}],"line":677},"44":{"loc":{"start":{"line":746,"column":12},"end":{"line":748,"column":13}},"type":"if","locations":[{"start":{"line":746,"column":12},"end":{"line":748,"column":13}},{"start":{},"end":{}}],"line":746},"45":{"loc":{"start":{"line":773,"column":12},"end":{"line":781,"column":13}},"type":"if","locations":[{"start":{"line":773,"column":12},"end":{"line":781,"column":13}},{"start":{"line":776,"column":17},"end":{"line":781,"column":13}}],"line":773},"46":{"loc":{"start":{"line":809,"column":12},"end":{"line":811,"column":13}},"type":"if","locations":[{"start":{"line":809,"column":12},"end":{"line":811,"column":13}},{"start":{},"end":{}}],"line":809},"47":{"loc":{"start":{"line":814,"column":12},"end":{"line":816,"column":13}},"type":"if","locations":[{"start":{"line":814,"column":12},"end":{"line":816,"column":13}},{"start":{},"end":{}}],"line":814},"48":{"loc":{"start":{"line":831,"column":12},"end":{"line":833,"column":13}},"type":"if","locations":[{"start":{"line":831,"column":12},"end":{"line":833,"column":13}},{"start":{},"end":{}}],"line":831},"49":{"loc":{"start":{"line":848,"column":12},"end":{"line":850,"column":13}},"type":"if","locations":[{"start":{"line":848,"column":12},"end":{"line":850,"column":13}},{"start":{},"end":{}}],"line":848},"50":{"loc":{"start":{"line":863,"column":20},"end":{"line":863,"column":75}},"type":"if","locations":[{"start":{"line":863,"column":20},"end":{"line":863,"column":75}},{"start":{},"end":{}}],"line":863},"51":{"loc":{"start":{"line":887,"column":28},"end":{"line":887,"column":77}},"type":"cond-expr","locations":[{"start":{"line":887,"column":72},"end":{"line":887,"column":73}},{"start":{"line":887,"column":76},"end":{"line":887,"column":77}}],"line":887},"52":{"loc":{"start":{"line":888,"column":28},"end":{"line":888,"column":83}},"type":"cond-expr","locations":[{"start":{"line":888,"column":78},"end":{"line":888,"column":79}},{"start":{"line":888,"column":82},"end":{"line":888,"column":83}}],"line":888},"53":{"loc":{"start":{"line":891,"column":20},"end":{"line":896,"column":21}},"type":"if","locations":[{"start":{"line":891,"column":20},"end":{"line":896,"column":21}},{"start":{},"end":{}}],"line":891},"54":{"loc":{"start":{"line":891,"column":24},"end":{"line":891,"column":74}},"type":"binary-expr","locations":[{"start":{"line":891,"column":24},"end":{"line":891,"column":49}},{"start":{"line":891,"column":53},"end":{"line":891,"column":74}}],"line":891},"55":{"loc":{"start":{"line":892,"column":32},"end":{"line":893,"column":79}},"type":"cond-expr","locations":[{"start":{"line":893,"column":74},"end":{"line":893,"column":75}},{"start":{"line":893,"column":78},"end":{"line":893,"column":79}}],"line":892},"56":{"loc":{"start":{"line":894,"column":32},"end":{"line":895,"column":79}},"type":"cond-expr","locations":[{"start":{"line":895,"column":74},"end":{"line":895,"column":75}},{"start":{"line":895,"column":78},"end":{"line":895,"column":79}}],"line":894},"57":{"loc":{"start":{"line":902,"column":20},"end":{"line":905,"column":21}},"type":"if","locations":[{"start":{"line":902,"column":20},"end":{"line":905,"column":21}},{"start":{},"end":{}}],"line":902},"58":{"loc":{"start":{"line":902,"column":24},"end":{"line":902,"column":68}},"type":"binary-expr","locations":[{"start":{"line":902,"column":24},"end":{"line":902,"column":42}},{"start":{"line":902,"column":47},"end":{"line":902,"column":67}}],"line":902},"59":{"loc":{"start":{"line":913,"column":12},"end":{"line":915,"column":13}},"type":"if","locations":[{"start":{"line":913,"column":12},"end":{"line":915,"column":13}},{"start":{},"end":{}}],"line":913},"60":{"loc":{"start":{"line":949,"column":12},"end":{"line":951,"column":13}},"type":"if","locations":[{"start":{"line":949,"column":12},"end":{"line":951,"column":13}},{"start":{},"end":{}}],"line":949},"61":{"loc":{"start":{"line":954,"column":12},"end":{"line":956,"column":13}},"type":"if","locations":[{"start":{"line":954,"column":12},"end":{"line":956,"column":13}},{"start":{},"end":{}}],"line":954},"62":{"loc":{"start":{"line":959,"column":12},"end":{"line":961,"column":13}},"type":"if","locations":[{"start":{"line":959,"column":12},"end":{"line":961,"column":13}},{"start":{},"end":{}}],"line":959},"63":{"loc":{"start":{"line":964,"column":12},"end":{"line":966,"column":13}},"type":"if","locations":[{"start":{"line":964,"column":12},"end":{"line":966,"column":13}},{"start":{},"end":{}}],"line":964},"64":{"loc":{"start":{"line":968,"column":12},"end":{"line":970,"column":13}},"type":"if","locations":[{"start":{"line":968,"column":12},"end":{"line":970,"column":13}},{"start":{},"end":{}}],"line":968},"65":{"loc":{"start":{"line":974,"column":12},"end":{"line":980,"column":13}},"type":"if","locations":[{"start":{"line":974,"column":12},"end":{"line":980,"column":13}},{"start":{},"end":{}}],"line":974},"66":{"loc":{"start":{"line":977,"column":16},"end":{"line":979,"column":17}},"type":"if","locations":[{"start":{"line":977,"column":16},"end":{"line":979,"column":17}},{"start":{},"end":{}}],"line":977},"67":{"loc":{"start":{"line":1031,"column":12},"end":{"line":1040,"column":13}},"type":"if","locations":[{"start":{"line":1031,"column":12},"end":{"line":1040,"column":13}},{"start":{},"end":{}}],"line":1031},"68":{"loc":{"start":{"line":1091,"column":16},"end":{"line":1091,"column":99}},"type":"if","locations":[{"start":{"line":1091,"column":16},"end":{"line":1091,"column":99}},{"start":{},"end":{}}],"line":1091},"69":{"loc":{"start":{"line":1092,"column":16},"end":{"line":1092,"column":97}},"type":"if","locations":[{"start":{"line":1092,"column":16},"end":{"line":1092,"column":97}},{"start":{},"end":{}}],"line":1092},"70":{"loc":{"start":{"line":1093,"column":16},"end":{"line":1093,"column":95}},"type":"if","locations":[{"start":{"line":1093,"column":16},"end":{"line":1093,"column":95}},{"start":{},"end":{}}],"line":1093},"71":{"loc":{"start":{"line":1094,"column":16},"end":{"line":1094,"column":92}},"type":"if","locations":[{"start":{"line":1094,"column":16},"end":{"line":1094,"column":92}},{"start":{},"end":{}}],"line":1094},"72":{"loc":{"start":{"line":1099,"column":20},"end":{"line":1109,"column":21}},"type":"if","locations":[{"start":{"line":1099,"column":20},"end":{"line":1109,"column":21}},{"start":{},"end":{}}],"line":1099},"73":{"loc":{"start":{"line":1102,"column":24},"end":{"line":1105,"column":25}},"type":"if","locations":[{"start":{"line":1102,"column":24},"end":{"line":1105,"column":25}},{"start":{},"end":{}}],"line":1102},"74":{"loc":{"start":{"line":1136,"column":20},"end":{"line":1136,"column":60}},"type":"if","locations":[{"start":{"line":1136,"column":20},"end":{"line":1136,"column":60}},{"start":{},"end":{}}],"line":1136},"75":{"loc":{"start":{"line":1144,"column":12},"end":{"line":1177,"column":13}},"type":"if","locations":[{"start":{"line":1144,"column":12},"end":{"line":1177,"column":13}},{"start":{"line":1172,"column":17},"end":{"line":1177,"column":13}}],"line":1144},"76":{"loc":{"start":{"line":1150,"column":16},"end":{"line":1153,"column":18}},"type":"if","locations":[{"start":{"line":1150,"column":16},"end":{"line":1153,"column":18}},{"start":{},"end":{}}],"line":1150},"77":{"loc":{"start":{"line":1155,"column":16},"end":{"line":1158,"column":18}},"type":"if","locations":[{"start":{"line":1155,"column":16},"end":{"line":1158,"column":18}},{"start":{},"end":{}}],"line":1155},"78":{"loc":{"start":{"line":1160,"column":16},"end":{"line":1163,"column":18}},"type":"if","locations":[{"start":{"line":1160,"column":16},"end":{"line":1163,"column":18}},{"start":{},"end":{}}],"line":1160},"79":{"loc":{"start":{"line":1165,"column":16},"end":{"line":1168,"column":18}},"type":"if","locations":[{"start":{"line":1165,"column":16},"end":{"line":1168,"column":18}},{"start":{},"end":{}}],"line":1165}},"s":{"0":1,"1":1,"2":1,"3":1,"4":1,"5":1,"6":1,"7":1,"8":1,"9":1,"10":1,"11":11,"12":11,"13":11,"14":11,"15":11,"16":11,"17":11,"18":11,"19":11,"20":11,"21":11,"22":11,"23":7,"24":7,"25":1,"26":6,"27":1,"28":5,"29":1,"30":4,"31":1,"32":3,"33":1,"34":2,"35":2,"36":1,"37":1,"38":1,"39":1,"40":1,"41":1,"42":1,"43":1,"44":1,"45":1,"46":1,"47":1,"48":1,"49":0,"50":1,"51":1,"52":1,"53":1,"54":1,"55":1,"56":1,"57":2,"58":2,"59":5,"60":5,"61":3,"62":3,"63":1,"64":2,"65":1,"66":1,"67":0,"68":1,"69":0,"70":1,"71":1,"72":0,"73":0,"74":0,"75":1,"76":1,"77":1,"78":1,"79":1,"80":1,"81":0,"82":1,"83":1,"84":1,"85":1,"86":1,"87":0,"88":1,"89":1,"90":1,"91":1,"92":1,"93":1,"94":1,"95":1,"96":1,"97":1,"98":2,"99":2,"100":0,"101":0,"102":0,"103":0,"104":0,"105":0,"106":0,"107":0,"108":0,"109":0,"110":0,"111":0,"112":0,"113":0,"114":0,"115":0,"116":0,"117":0,"118":0,"119":0,"120":0,"121":0,"122":0,"123":0,"124":0,"125":0,"126":0,"127":0,"128":0,"129":0,"130":0,"131":0,"132":0,"133":0,"134":0,"135":0,"136":0,"137":0,"138":0,"139":0,"140":0,"141":0,"142":0,"143":0,"144":0,"145":0,"146":0,"147":0,"148":0,"149":0,"150":0,"151":0,"152":0,"153":0,"154":0,"155":0,"156":0,"157":0,"158":0,"159":0,"160":0,"161":0,"162":0,"163":0,"164":0,"165":0,"166":0,"167":0,"168":0,"169":0,"170":0,"171":0,"172":0,"173":0,"174":0,"175":0,"176":0,"177":0,"178":0,"179":0,"180":0,"181":0,"182":0,"183":0,"184":0,"185":0,"186":0,"187":0,"188":0,"189":0,"190":0,"191":0,"192":0,"193":0,"194":0,"195":0,"196":0,"197":0,"198":0,"199":0,"200":0,"201":0,"202":0,"203":0,"204":0,"205":0,"206":0,"207":0,"208":0,"209":0,"210":0,"211":0,"212":0,"213":0,"214":0,"215":0,"216":0,"217":0,"218":0,"219":0,"220":0,"221":0,"222":0,"223":0,"224":0,"225":0,"226":0,"227":0,"228":0,"229":0,"230":0,"231":0,"232":0,"233":0,"234":0,"235":0,"236":0,"237":0,"238":0,"239":0,"240":0,"241":0,"242":0,"243":0,"244":0,"245":0,"246":0,"247":0,"248":0,"249":0,"250":0,"251":0,"252":0,"253":0,"254":0,"255":0,"256":0,"257":0,"258":0,"259":0,"260":0,"261":0,"262":0,"263":0,"264":0,"265":0,"266":0,"267":0,"268":0,"269":0,"270":0,"271":0,"272":0,"273":0,"274":0,"275":0,"276":0,"277":0,"278":0,"279":0,"280":0,"281":0,"282":0,"283":0,"284":0,"285":0,"286":0,"287":0,"288":0,"289":0,"290":0,"291":0,"292":0,"293":0,"294":0,"295":0,"296":0,"297":0,"298":0,"299":0,"300":0,"301":0,"302":0,"303":0,"304":0,"305":0,"306":0,"307":0,"308":0},"f":{"0":11,"1":7,"2":3,"3":0,"4":0,"5":0,"6":0,"7":0,"8":0,"9":0,"10":0,"11":0,"12":0,"13":0,"14":0,"15":0,"16":0,"17":0,"18":0},"b":{"0":[0],"1":[1,6],"2":[1,5],"3":[1,4],"4":[1,3],"5":[1,2],"6":[3,1],"7":[1,1],"8":[1,0],"9":[1,0],"10":[0,1],"11":[1,2],"12":[1,1],"13":[0,1],"14":[1,0],"15":[0,1],"16":[1,0],"17":[0,1],"18":[1,0],"19":[1,0],"20":[0,1],"21":[1,0],"22":[1,0],"23":[0,1],"24":[0,0],"25":[0,0],"26":[0,0],"27":[0,0],"28":[0,0],"29":[0,0],"30":[0,0],"31":[0,0],"32":[0,0],"33":[0,0],"34":[0,0],"35":[0,0],"36":[0,0],"37":[0,0],"38":[0,0],"39":[0,0],"40":[0,0],"41":[0,0],"42":[0,0],"43":[0,0],"44":[0,0],"45":[0,0],"46":[0,0],"47":[0,0],"48":[0,0],"49":[0,0],"50":[0,0],"51":[0,0],"52":[0,0],"53":[0,0],"54":[0,0],"55":[0,0],"56":[0,0],"57":[0,0],"58":[0,0],"59":[0,0],"60":[0,0],"61":[0,0],"62":[0,0],"63":[0,0],"64":[0,0],"65":[0,0],"66":[0,0],"67":[0,0],"68":[0,0],"69":[0,0],"70":[0,0],"71":[0,0],"72":[0,0],"73":[0,0],"74":[0,0],"75":[0,0],"76":[0,0],"77":[0,0],"78":[0,0],"79":[0,0]},"_coverageSchema":"1a1c01bbd47fc00a2c39e90264f33305004495a9","hash":"e14262f7c549e039650fcde0b1eebabd6103fce2"}
}
