TN:
SF:helpers/checkIsoDate.js
FN:6,(anonymous_0)
FNF:1
FNH:0
FNDA:0,(anonymous_0)
DA:6,1
DA:8,0
DA:9,0
DA:10,0
DA:13,1
LF:5
LH:2
BRDA:8,0,0,0
BRDA:8,0,1,0
BRF:2
BRH:0
end_of_record
TN:
SF:loaders/evervault.js
FNF:0
FNH:0
DA:2,1
DA:3,1
DA:5,1
DA:8,1
LF:4
LH:4
BRF:0
BRH:0
end_of_record
TN:
SF:loaders/logger.js
FN:21,(anonymous_0)
FN:71,(anonymous_1)
FNF:2
FNH:2
FNDA:2,(anonymous_0)
FNDA:1,(anonymous_1)
DA:2,1
DA:3,1
DA:4,1
DA:5,1
DA:11,1
DA:22,2
DA:25,2
DA:30,2
DA:32,2
DA:37,1
DA:45,1
DA:71,1
DA:72,1
DA:73,1
DA:74,1
DA:78,1
DA:80,0
DA:90,0
DA:91,0
DA:92,0
DA:95,0
DA:102,0
DA:105,0
DA:110,0
DA:111,0
DA:112,0
DA:119,1
DA:124,1
DA:128,1
LF:29
LH:19
BRDA:25,0,0,0
BRDA:25,0,1,2
BRDA:30,1,0,2
BRDA:30,1,1,0
BRDA:73,2,0,0
BRDA:73,2,1,1
BRDA:78,3,0,0
BRDA:78,3,1,1
BRDA:90,4,0,0
BRDA:90,4,1,0
BRDA:91,5,0,0
BRDA:91,5,1,0
BRF:12
BRH:4
end_of_record
TN:
SF:models/Activities.js
FNF:0
FNH:0
DA:1,1
DA:3,1
DA:5,1
DA:28,1
LF:4
LH:4
BRF:0
BRH:0
end_of_record
TN:
SF:models/Categories.js
FNF:0
FNH:0
DA:1,1
DA:3,1
DA:5,1
DA:28,1
LF:4
LH:4
BRF:0
BRH:0
end_of_record
TN:
SF:models/Entry.js
FNF:0
FNH:0
DA:1,1
DA:3,1
DA:5,1
DA:41,1
LF:4
LH:4
BRF:0
BRH:0
end_of_record
TN:
SF:models/User.js
FNF:0
FNH:0
DA:1,1
DA:3,1
DA:5,1
DA:17,1
LF:4
LH:4
BRF:0
BRH:0
end_of_record
TN:
SF:services/JournalService.js
FN:43,(anonymous_0)
FN:98,(anonymous_1)
FN:229,(anonymous_2)
FN:358,(anonymous_3)
FN:450,(anonymous_4)
FN:543,decryptEntries
FN:544,(anonymous_6)
FN:555,(anonymous_7)
FN:558,(anonymous_8)
FN:601,(anonymous_9)
FN:646,(anonymous_10)
FN:743,(anonymous_11)
FN:806,(anonymous_12)
FN:893,(anonymous_13)
FN:895,(anonymous_14)
FN:946,(anonymous_15)
FN:1073,(anonymous_16)
FN:1135,(anonymous_17)
FN:1147,(anonymous_18)
FNF:19
FNH:2
FNDA:2,(anonymous_0)
FNDA:1,(anonymous_1)
FNDA:0,(anonymous_2)
FNDA:0,(anonymous_3)
FNDA:0,(anonymous_4)
FNDA:0,decryptEntries
FNDA:0,(anonymous_6)
FNDA:0,(anonymous_7)
FNDA:0,(anonymous_8)
FNDA:0,(anonymous_9)
FNDA:0,(anonymous_10)
FNDA:0,(anonymous_11)
FNDA:0,(anonymous_12)
FNDA:0,(anonymous_13)
FNDA:0,(anonymous_14)
FNDA:0,(anonymous_15)
FNDA:0,(anonymous_16)
FNDA:0,(anonymous_17)
FNDA:0,(anonymous_18)
DA:2,1
DA:5,1
DA:8,1
DA:9,1
DA:10,1
DA:11,1
DA:14,1
DA:15,1
DA:18,1
DA:21,1
DA:26,1
DA:45,2
DA:48,2
DA:49,2
DA:50,2
DA:51,2
DA:52,2
DA:53,2
DA:54,2
DA:57,2
DA:58,2
DA:59,2
DA:64,2
DA:99,1
DA:101,1
DA:102,0
DA:106,1
DA:107,0
DA:111,1
DA:112,0
DA:116,1
DA:117,0
DA:122,1
DA:123,0
DA:134,1
DA:137,1
DA:138,0
DA:139,0
DA:140,0
DA:147,1
DA:150,1
DA:151,1
DA:152,1
DA:155,1
DA:158,1
DA:161,1
DA:164,1
DA:167,1
DA:168,0
DA:171,0
DA:174,0
DA:177,0
DA:178,0
DA:179,0
DA:193,0
DA:201,0
DA:204,1
DA:205,1
DA:230,0
DA:232,0
DA:233,0
DA:237,0
DA:238,0
DA:243,0
DA:244,0
DA:249,0
DA:250,0
DA:262,0
DA:272,0
DA:273,0
DA:274,0
DA:275,0
DA:282,0
DA:285,0
DA:286,0
DA:287,0
DA:288,0
DA:289,0
DA:291,0
DA:294,0
DA:297,0
DA:309,0
DA:312,0
DA:315,0
DA:316,0
DA:317,0
DA:318,0
DA:330,0
DA:338,0
DA:341,0
DA:342,0
DA:359,0
DA:361,0
DA:362,0
DA:366,0
DA:367,0
DA:378,0
DA:388,0
DA:389,0
DA:390,0
DA:391,0
DA:397,0
DA:407,0
DA:410,0
DA:413,0
DA:414,0
DA:415,0
DA:419,0
DA:427,0
DA:430,0
DA:431,0
DA:451,0
DA:453,0
DA:454,0
DA:458,0
DA:459,0
DA:463,0
DA:465,0
DA:466,0
DA:469,0
DA:470,0
DA:476,0
DA:477,0
DA:479,0
DA:480,0
DA:492,0
DA:495,0
DA:496,0
DA:497,0
DA:498,0
DA:504,0
DA:513,0
DA:514,0
DA:521,0
DA:522,0
DA:530,0
DA:537,0
DA:540,0
DA:544,0
DA:545,0
DA:547,0
DA:554,0
DA:559,0
DA:563,0
DA:566,0
DA:567,0
DA:568,0
DA:569,0
DA:573,0
DA:582,0
DA:585,0
DA:586,0
DA:602,0
DA:604,0
DA:605,0
DA:609,0
DA:616,0
DA:619,0
DA:626,0
DA:629,0
DA:630,0
DA:647,0
DA:649,0
DA:650,0
DA:654,0
DA:655,0
DA:667,0
DA:677,0
DA:678,0
DA:679,0
DA:680,0
DA:686,0
DA:696,0
DA:699,0
DA:701,0
DA:709,0
DA:710,0
DA:711,0
DA:712,0
DA:716,0
DA:724,0
DA:727,0
DA:728,0
DA:744,0
DA:746,0
DA:747,0
DA:751,0
DA:757,0
DA:759,0
DA:773,0
DA:777,0
DA:784,0
DA:786,0
DA:789,0
DA:790,0
DA:807,0
DA:809,0
DA:810,0
DA:814,0
DA:815,0
DA:821,0
DA:831,0
DA:832,0
DA:835,0
DA:844,0
DA:848,0
DA:849,0
DA:853,0
DA:856,0
DA:858,0
DA:860,0
DA:861,0
DA:863,0
DA:865,0
DA:883,0
DA:887,0
DA:888,0
DA:891,0
DA:892,0
DA:893,0
DA:894,0
DA:895,0
DA:902,0
DA:903,0
DA:904,0
DA:908,0
DA:909,0
DA:913,0
DA:914,0
DA:918,0
DA:921,0
DA:924,0
DA:927,0
DA:928,0
DA:947,0
DA:949,0
DA:950,0
DA:954,0
DA:955,0
DA:959,0
DA:960,0
DA:964,0
DA:965,0
DA:968,0
DA:969,0
DA:974,0
DA:975,0
DA:977,0
DA:978,0
DA:983,0
DA:1031,0
DA:1033,0
DA:1043,0
DA:1047,0
DA:1050,0
DA:1061,0
DA:1072,0
DA:1074,0
DA:1086,0
DA:1088,0
DA:1091,0
DA:1092,0
DA:1093,0
DA:1094,0
DA:1097,0
DA:1099,0
DA:1102,0
DA:1104,0
DA:1108,0
DA:1112,0
DA:1116,0
DA:1122,0
DA:1127,0
DA:1132,0
DA:1134,0
DA:1136,0
DA:1141,0
DA:1144,0
DA:1146,0
DA:1147,0
DA:1150,0
DA:1155,0
DA:1160,0
DA:1165,0
DA:1173,0
DA:1180,0
DA:1210,0
DA:1213,0
DA:1214,0
LF:289
LH:42
BRDA:43,0,0,0
BRDA:101,1,0,0
BRDA:101,1,1,1
BRDA:106,2,0,0
BRDA:106,2,1,1
BRDA:111,3,0,0
BRDA:111,3,1,1
BRDA:116,4,0,0
BRDA:116,4,1,1
BRDA:122,5,0,0
BRDA:122,5,1,1
BRDA:122,6,0,1
BRDA:122,6,1,0
BRDA:137,7,0,0
BRDA:137,7,1,1
BRDA:155,8,0,1
BRDA:155,8,1,0
BRDA:158,9,0,1
BRDA:158,9,1,0
BRDA:164,10,0,0
BRDA:164,10,1,1
BRDA:232,11,0,0
BRDA:232,11,1,0
BRDA:237,12,0,0
BRDA:237,12,1,0
BRDA:243,13,0,0
BRDA:243,13,1,0
BRDA:243,14,0,0
BRDA:243,14,1,0
BRDA:249,15,0,0
BRDA:249,15,1,0
BRDA:249,16,0,0
BRDA:249,16,1,0
BRDA:272,17,0,0
BRDA:272,17,1,0
BRDA:285,18,0,0
BRDA:285,18,1,0
BRDA:286,19,0,0
BRDA:286,19,1,0
BRDA:287,20,0,0
BRDA:287,20,1,0
BRDA:288,21,0,0
BRDA:288,21,1,0
BRDA:289,22,0,0
BRDA:289,22,1,0
BRDA:291,23,0,0
BRDA:291,23,1,0
BRDA:361,24,0,0
BRDA:361,24,1,0
BRDA:366,25,0,0
BRDA:366,25,1,0
BRDA:388,26,0,0
BRDA:388,26,1,0
BRDA:453,27,0,0
BRDA:453,27,1,0
BRDA:458,28,0,0
BRDA:458,28,1,0
BRDA:458,29,0,0
BRDA:458,29,1,0
BRDA:463,30,0,0
BRDA:463,30,1,0
BRDA:463,31,0,0
BRDA:463,31,1,0
BRDA:465,32,0,0
BRDA:465,32,1,0
BRDA:469,33,0,0
BRDA:469,33,1,0
BRDA:476,34,0,0
BRDA:476,34,1,0
BRDA:479,35,0,0
BRDA:479,35,1,0
BRDA:495,36,0,0
BRDA:495,36,1,0
BRDA:513,37,0,0
BRDA:513,37,1,0
BRDA:521,38,0,0
BRDA:521,38,1,0
BRDA:521,39,0,0
BRDA:521,39,1,0
BRDA:604,40,0,0
BRDA:604,40,1,0
BRDA:649,41,0,0
BRDA:649,41,1,0
BRDA:654,42,0,0
BRDA:654,42,1,0
BRDA:677,43,0,0
BRDA:677,43,1,0
BRDA:746,44,0,0
BRDA:746,44,1,0
BRDA:773,45,0,0
BRDA:773,45,1,0
BRDA:809,46,0,0
BRDA:809,46,1,0
BRDA:814,47,0,0
BRDA:814,47,1,0
BRDA:831,48,0,0
BRDA:831,48,1,0
BRDA:848,49,0,0
BRDA:848,49,1,0
BRDA:863,50,0,0
BRDA:863,50,1,0
BRDA:887,51,0,0
BRDA:887,51,1,0
BRDA:888,52,0,0
BRDA:888,52,1,0
BRDA:891,53,0,0
BRDA:891,53,1,0
BRDA:891,54,0,0
BRDA:891,54,1,0
BRDA:892,55,0,0
BRDA:892,55,1,0
BRDA:894,56,0,0
BRDA:894,56,1,0
BRDA:902,57,0,0
BRDA:902,57,1,0
BRDA:902,58,0,0
BRDA:902,58,1,0
BRDA:913,59,0,0
BRDA:913,59,1,0
BRDA:949,60,0,0
BRDA:949,60,1,0
BRDA:954,61,0,0
BRDA:954,61,1,0
BRDA:959,62,0,0
BRDA:959,62,1,0
BRDA:964,63,0,0
BRDA:964,63,1,0
BRDA:968,64,0,0
BRDA:968,64,1,0
BRDA:974,65,0,0
BRDA:974,65,1,0
BRDA:977,66,0,0
BRDA:977,66,1,0
BRDA:1031,67,0,0
BRDA:1031,67,1,0
BRDA:1091,68,0,0
BRDA:1091,68,1,0
BRDA:1092,69,0,0
BRDA:1092,69,1,0
BRDA:1093,70,0,0
BRDA:1093,70,1,0
BRDA:1094,71,0,0
BRDA:1094,71,1,0
BRDA:1099,72,0,0
BRDA:1099,72,1,0
BRDA:1102,73,0,0
BRDA:1102,73,1,0
BRDA:1136,74,0,0
BRDA:1136,74,1,0
BRDA:1144,75,0,0
BRDA:1144,75,1,0
BRDA:1150,76,0,0
BRDA:1150,76,1,0
BRDA:1155,77,0,0
BRDA:1155,77,1,0
BRDA:1160,78,0,0
BRDA:1160,78,1,0
BRDA:1165,79,0,0
BRDA:1165,79,1,0
BRF:159
BRH:10
end_of_record
